#
# A fatal error has been detected by the Java Runtime Environment:
#
#  EXCEPTION_ACCESS_VIOLATION (0xc0000005) at pc=0x0000000075ccb7b0, pid=20124, tid=0x0000000000003b88
#
# JRE version: OpenJDK Runtime Environment (8.0_242-b01) (build 1.8.0_242-release-1644-b01)
# Java VM: OpenJDK 64-Bit Server VM (25.242-b01 mixed mode windows-amd64 compressed oops)
# Problematic frame:
# V  [jvm.dll+0x8b7b0]
#
# Failed to write core dump. Minidumps are not enabled by default on client versions of Windows
#
# If you would like to submit a bug report, please visit:
#   
#

---------------  T H R E A D  ---------------

Current thread (0x00000000033bb000):  GCTaskThread [stack: 0x0000000013120000,0x0000000013220000] [id=15240]

siginfo: ExceptionCode=0xc0000005, reading address 0x00000004006c92c8

Registers:
RAX=0x0000000000000000, RBX=0x00000000ece1cd78, RCX=0x00000000ece1cd78, RDX=0x00000004006c92c0
RSP=0x000000001321f218, RBP=0x0000000000000000, RSI=0x0000000018504500, RDI=0x0000000020acaca0
R8 =0x0000000018504500, R9 =0x00000001000001f8, R10=0x0000000000000008, R11=0x00000000f5a5a150
R12=0x000000007625ddd0, R13=0x000000002003ebd4, R14=0x0000000000000000, R15=0x00000000033bb3f0
RIP=0x0000000075ccb7b0, EFLAGS=0x0000000000010206

Top of Stack: (sp=0x000000001321f218)
0x000000001321f218:   00000000760127b2 0000000000000019
0x000000001321f228:   0000000000000003 0000000018504500
0x000000001321f238:   00000000033b3200 00000000f5a52160
0x000000001321f248:   0000000000001000 0000000018504500
0x000000001321f258:   0000000075d2e3a3 0000000000000000
0x000000001321f268:   00000000033b3201 000000007625ddd0
0x000000001321f278:   0000000076012b20 00000000f5a56268
0x000000001321f288:   0000000000000000 0000000018504500
0x000000001321f298:   0000000020acaca0 00000000f5a56268
0x000000001321f2a8:   00000000760134f5 00000000ee318b10
0x000000001321f2b8:   0000000000000000 0000000018504500
0x000000001321f2c8:   00000000128f0a03 00000000128f0a6b
0x000000001321f2d8:   0000000075e330ad 00000000128f0c00
0x000000001321f2e8:   00000000128f0a6b 0000000000000400
0x000000001321f2f8:   00007ffd8b8e302d 00000000033a15d0
0x000000001321f308:   0000000075e39622 00000000033bb000 

Instructions: (pc=0x0000000075ccb7b0)
0x0000000075ccb790:   1c 8f 1d 00 48 8b 9c 24 c0 00 00 00 48 81 c4 b0
0x0000000075ccb7a0:   00 00 00 5d c3 cc cc cc cc cc cc cc cc cc cc cc
0x0000000075ccb7b0:   44 8b 42 08 4c 8b ca 45 85 c0 7e 0e 41 f6 c0 01
0x0000000075ccb7c0:   75 57 41 c1 f8 03 41 8b c0 c3 79 4d 80 3d 7e 97 


Register to memory mapping:

RAX=0x0000000000000000 is an unknown value
RBX=0x00000000ece1cd78 is an oop

[error occurred during error reporting (printing register info), id 0xc0000005]

Stack: [0x0000000013120000,0x0000000013220000],  sp=0x000000001321f218,  free space=1020k
Native frames: (J=compiled Java code, j=interpreted, Vv=VM code, C=native code)


---------------  P R O C E S S  ---------------

Java Threads: ( => current thread )
  0x00000000263bb000 JavaThread "WorkerExecutor Queue Thread 9" [_thread_blocked, id=13352, stack(0x0000000037330000,0x0000000037430000)]
  0x00000000263c2000 JavaThread "stdout" [_thread_in_native, id=10180, stack(0x0000000037230000,0x0000000037330000)]
  0x00000000263c1000 JavaThread "stderr" [_thread_in_native, id=19876, stack(0x0000000037130000,0x0000000037230000)]
  0x00000000263c0800 JavaThread "stdout" [_thread_in_native, id=2988, stack(0x0000000037030000,0x0000000037130000)]
  0x00000000263bf800 JavaThread "stderr" [_thread_in_native, id=7216, stack(0x0000000036f30000,0x0000000037030000)]
  0x00000000263bf000 JavaThread "stdout" [_thread_in_native, id=3164, stack(0x0000000036e30000,0x0000000036f30000)]
  0x00000000263ba800 JavaThread "stderr" [_thread_in_native, id=20484, stack(0x0000000036d30000,0x0000000036e30000)]
  0x00000000263b9000 JavaThread "stdout" [_thread_in_native, id=11076, stack(0x0000000036c30000,0x0000000036d30000)]
  0x00000000263b9800 JavaThread "stderr" [_thread_in_native, id=21288, stack(0x0000000036b30000,0x0000000036c30000)]
  0x00000000263bc800 JavaThread "stdout" [_thread_in_native, id=15336, stack(0x0000000036a30000,0x0000000036b30000)]
  0x00000000263be000 JavaThread "stderr" [_thread_in_native, id=14500, stack(0x0000000036930000,0x0000000036a30000)]
  0x00000000263bd800 JavaThread "stdout" [_thread_in_native, id=1768, stack(0x0000000036830000,0x0000000036930000)]
  0x00000000263bc000 JavaThread "stderr" [_thread_in_native, id=5360, stack(0x0000000036730000,0x0000000036830000)]
  0x00000000263b1800 JavaThread "stdout" [_thread_in_native, id=1392, stack(0x0000000036630000,0x0000000036730000)]
  0x00000000263b8000 JavaThread "stderr" [_thread_in_native, id=15896, stack(0x0000000036530000,0x0000000036630000)]
  0x00000000263b0800 JavaThread "stdout" [_thread_in_native, id=13316, stack(0x0000000036320000,0x0000000036420000)]
  0x00000000263b7800 JavaThread "stderr" [_thread_in_native, id=22140, stack(0x0000000036220000,0x0000000036320000)]
  0x00000000263b3800 JavaThread "WorkerExecutor Queue Thread 7" [_thread_blocked, id=22208, stack(0x0000000036120000,0x0000000036220000)]
  0x00000000263b4800 JavaThread "WorkerExecutor Queue Thread 6" [_thread_blocked, id=19708, stack(0x0000000036020000,0x0000000036120000)]
  0x00000000263b6000 JavaThread "WorkerExecutor Queue Thread 5" [_thread_blocked, id=6536, stack(0x0000000035f20000,0x0000000036020000)]
  0x00000000263b5000 JavaThread "WorkerExecutor Queue Thread 4" [_thread_blocked, id=10964, stack(0x0000000033b20000,0x0000000033c20000)]
  0x00000000263b3000 JavaThread "WorkerExecutor Queue Thread 3" [_thread_blocked, id=21488, stack(0x0000000033a20000,0x0000000033b20000)]
  0x00000000263b2000 JavaThread "pool-33-thread-1" [_thread_blocked, id=8580, stack(0x0000000033920000,0x0000000033a20000)]
  0x000000001be6c000 JavaThread "WorkerExecutor Queue Thread 2" [_thread_blocked, id=3956, stack(0x0000000033820000,0x0000000033920000)]
  0x000000001be70800 JavaThread "WorkerExecutor Queue" [_thread_blocked, id=22416, stack(0x0000000033720000,0x0000000033820000)]
  0x000000001be6e800 JavaThread "Cache worker for execution history cache (E:\Project Skripsi\Android Project\trashget\.gradle\6.5\executionHistory)" [_thread_blocked, id=6692, stack(0x0000000033620000,0x0000000033720000)]
  0x000000001be70000 JavaThread "Execution worker for ':' Thread 7" [_thread_blocked, id=1808, stack(0x0000000033520000,0x0000000033620000)]
  0x000000001be6f000 JavaThread "Execution worker for ':' Thread 6" [_thread_blocked, id=15972, stack(0x0000000033420000,0x0000000033520000)]
  0x000000001be71800 JavaThread "Execution worker for ':' Thread 5" [_thread_blocked, id=20900, stack(0x00000000330d0000,0x00000000331d0000)]
  0x000000001d28e000 JavaThread "Execution worker for ':' Thread 4" [_thread_blocked, id=12344, stack(0x0000000032fd0000,0x00000000330d0000)]
  0x000000001d28d000 JavaThread "Execution worker for ':' Thread 3" [_thread_blocked, id=21776, stack(0x0000000032ed0000,0x0000000032fd0000)]
  0x000000001d28b000 JavaThread "Execution worker for ':' Thread 2" [_thread_blocked, id=15788, stack(0x0000000032b20000,0x0000000032c20000)]
  0x000000001d288000 JavaThread "Execution worker for ':'" [_thread_blocked, id=3860, stack(0x000000002f9c0000,0x000000002fac0000)]
  0x000000001d28a000 JavaThread "Cache worker for file content cache (E:\Project Skripsi\Android Project\trashget\.gradle\6.5\fileContent)" [_thread_blocked, id=21888, stack(0x000000002dcb0000,0x000000002ddb0000)]
  0x000000001d289800 JavaThread "Cache worker for Build Output Cleanup Cache (E:\Project Skripsi\Android Project\trashget\.gradle\buildOutputCleanup)" [_thread_blocked, id=7124, stack(0x000000002cb00000,0x000000002cc00000)]
  0x000000001d28c800 JavaThread "jar transforms Thread 1368" [_thread_blocked, id=16568, stack(0x000000002ca00000,0x000000002cb00000)]
  0x000000001d288800 JavaThread "jar transforms Thread 1367" [_thread_blocked, id=17876, stack(0x000000002c900000,0x000000002ca00000)]
  0x000000001d28b800 JavaThread "jar transforms Thread 1366" [_thread_blocked, id=3252, stack(0x000000002c800000,0x000000002c900000)]
  0x00000000217e4800 JavaThread "jar transforms Thread 1365" [_thread_blocked, id=10916, stack(0x000000002c700000,0x000000002c800000)]
  0x00000000217e3000 JavaThread "jar transforms Thread 1364" [_thread_blocked, id=17192, stack(0x000000002c600000,0x000000002c700000)]
  0x00000000217e6000 JavaThread "jar transforms Thread 1363" [_thread_blocked, id=8508, stack(0x000000002c500000,0x000000002c600000)]
  0x00000000217e0800 JavaThread "jar transforms Thread 1362" [_thread_blocked, id=9724, stack(0x000000002c400000,0x000000002c500000)]
  0x00000000217e6800 JavaThread "jar transforms Thread 1361" [_thread_blocked, id=18180, stack(0x000000002c300000,0x000000002c400000)]
  0x00000000217e5000 JavaThread "jar transforms Thread 1360" [_thread_blocked, id=10244, stack(0x000000002c200000,0x000000002c300000)]
  0x00000000217e1800 JavaThread "jar transforms Thread 1359" [_thread_blocked, id=15044, stack(0x000000002c100000,0x000000002c200000)]
  0x00000000217d9000 JavaThread "jar transforms Thread 1358" [_thread_blocked, id=22228, stack(0x000000002c000000,0x000000002c100000)]
  0x00000000217dd800 JavaThread "jar transforms Thread 1357" [_thread_blocked, id=21624, stack(0x000000002bf00000,0x000000002c000000)]
  0x00000000217db800 JavaThread "jar transforms Thread 1356" [_thread_blocked, id=21468, stack(0x000000002be00000,0x000000002bf00000)]
  0x00000000217dd000 JavaThread "jar transforms Thread 1355" [_thread_blocked, id=12880, stack(0x000000002bd00000,0x000000002be00000)]
  0x00000000217da000 JavaThread "jar transforms Thread 1354" [_thread_blocked, id=18744, stack(0x000000002bc00000,0x000000002bd00000)]
  0x0000000021904800 JavaThread "jar transforms Thread 1353" [_thread_blocked, id=14916, stack(0x000000002bb00000,0x000000002bc00000)]
  0x0000000021901800 JavaThread "jar transforms Thread 1352" [_thread_blocked, id=6220, stack(0x000000002ba00000,0x000000002bb00000)]
  0x0000000021900000 JavaThread "jar transforms Thread 1351" [_thread_blocked, id=3612, stack(0x000000002b900000,0x000000002ba00000)]
  0x0000000021902800 JavaThread "jar transforms Thread 1350" [_thread_blocked, id=15084, stack(0x000000002b800000,0x000000002b900000)]
  0x0000000021904000 JavaThread "jar transforms Thread 1349" [_thread_blocked, id=3036, stack(0x000000002b700000,0x000000002b800000)]
  0x0000000021906000 JavaThread "jar transforms Thread 1348" [_thread_blocked, id=18204, stack(0x000000002b600000,0x000000002b700000)]
  0x0000000021903000 JavaThread "jar transforms Thread 1347" [_thread_blocked, id=16244, stack(0x000000002b500000,0x000000002b600000)]
  0x00000000218f8800 JavaThread "jar transforms Thread 1346" [_thread_blocked, id=16448, stack(0x000000002b400000,0x000000002b500000)]
  0x00000000218ff000 JavaThread "jar transforms Thread 1345" [_thread_blocked, id=9344, stack(0x000000002b300000,0x000000002b400000)]
  0x00000000218f7800 JavaThread "jar transforms Thread 1344" [_thread_blocked, id=3320, stack(0x000000002b200000,0x000000002b300000)]
  0x00000000218fe800 JavaThread "jar transforms Thread 1343" [_thread_blocked, id=88, stack(0x000000002b100000,0x000000002b200000)]
  0x00000000218fa000 JavaThread "jar transforms Thread 1342" [_thread_blocked, id=20456, stack(0x000000002b000000,0x000000002b100000)]
  0x00000000218f7000 JavaThread "jar transforms Thread 1341" [_thread_blocked, id=3352, stack(0x000000002af00000,0x000000002b000000)]
  0x00000000218fb800 JavaThread "jar transforms Thread 1340" [_thread_blocked, id=4012, stack(0x000000002ae00000,0x000000002af00000)]
  0x00000000218fd800 JavaThread "jar transforms Thread 1339" [_thread_blocked, id=1196, stack(0x000000002ad00000,0x000000002ae00000)]
  0x00000000218f9000 JavaThread "jar transforms Thread 1338" [_thread_blocked, id=19956, stack(0x000000002ac00000,0x000000002ad00000)]
  0x00000000218fc000 JavaThread "jar transforms Thread 1337" [_thread_blocked, id=17008, stack(0x000000002ab00000,0x000000002ac00000)]
  0x000000002670f800 JavaThread "jar transforms Thread 1336" [_thread_blocked, id=6464, stack(0x000000002aa00000,0x000000002ab00000)]
  0x000000002670c800 JavaThread "jar transforms Thread 1335" [_thread_blocked, id=14628, stack(0x000000002a900000,0x000000002aa00000)]
  0x000000002670f000 JavaThread "jar transforms Thread 1334" [_thread_blocked, id=21688, stack(0x000000002a800000,0x000000002a900000)]
  0x000000002670e000 JavaThread "jar transforms Thread 1333" [_thread_blocked, id=17340, stack(0x000000002a700000,0x000000002a800000)]
  0x000000002670c000 JavaThread "jar transforms Thread 1332" [_thread_blocked, id=828, stack(0x000000002a600000,0x000000002a700000)]
  0x0000000026710800 JavaThread "jar transforms Thread 1331" [_thread_blocked, id=16744, stack(0x000000002a500000,0x000000002a600000)]
  0x000000002670d800 JavaThread "jar transforms Thread 1330" [_thread_blocked, id=5396, stack(0x000000002a400000,0x000000002a500000)]
  0x0000000026704800 JavaThread "jar transforms Thread 1329" [_thread_blocked, id=20488, stack(0x000000002a300000,0x000000002a400000)]
  0x000000002670b000 JavaThread "jar transforms Thread 1328" [_thread_blocked, id=18248, stack(0x000000002a200000,0x000000002a300000)]
  0x0000000026703800 JavaThread "jar transforms Thread 1327" [_thread_blocked, id=17508, stack(0x000000002a100000,0x000000002a200000)]
  0x000000002670a800 JavaThread "jar transforms Thread 1326" [_thread_blocked, id=1660, stack(0x000000002a000000,0x000000002a100000)]
  0x0000000026703000 JavaThread "jar transforms Thread 1325" [_thread_blocked, id=15364, stack(0x0000000029f00000,0x000000002a000000)]
  0x0000000026701800 JavaThread "jar transforms Thread 1324" [_thread_blocked, id=700, stack(0x0000000029e00000,0x0000000029f00000)]
  0x0000000026708000 JavaThread "jar transforms Thread 1323" [_thread_blocked, id=18840, stack(0x0000000029d00000,0x0000000029e00000)]
  0x0000000026705000 JavaThread "jar transforms Thread 1322" [_thread_blocked, id=1092, stack(0x0000000029c00000,0x0000000029d00000)]
  0x0000000026702000 JavaThread "jar transforms Thread 1321" [_thread_blocked, id=4788, stack(0x0000000029b00000,0x0000000029c00000)]
  0x0000000026707800 JavaThread "jar transforms Thread 1320" [_thread_blocked, id=18480, stack(0x0000000029a00000,0x0000000029b00000)]
  0x0000000026706800 JavaThread "jar transforms Thread 1319" [_thread_blocked, id=3000, stack(0x0000000029900000,0x0000000029a00000)]
  0x000000002690a000 JavaThread "jar transforms Thread 1318" [_thread_blocked, id=3144, stack(0x0000000029800000,0x0000000029900000)]
  0x0000000026911000 JavaThread "jar transforms Thread 1317" [_thread_blocked, id=1732, stack(0x0000000029700000,0x0000000029800000)]
  0x0000000026909800 JavaThread "jar transforms Thread 1316" [_thread_blocked, id=12700, stack(0x0000000029600000,0x0000000029700000)]
  0x000000002690e800 JavaThread "jar transforms Thread 1315" [_thread_blocked, id=7560, stack(0x0000000029500000,0x0000000029600000)]
  0x000000002690e000 JavaThread "jar transforms Thread 1314" [_thread_blocked, id=8532, stack(0x0000000029400000,0x0000000029500000)]
  0x000000002690d000 JavaThread "jar transforms Thread 1313" [_thread_blocked, id=7880, stack(0x0000000029300000,0x0000000029400000)]
  0x000000002690b000 JavaThread "jar transforms Thread 1312" [_thread_blocked, id=5116, stack(0x0000000029200000,0x0000000029300000)]
  0x0000000026910000 JavaThread "jar transforms Thread 1311" [_thread_blocked, id=7720, stack(0x0000000029100000,0x0000000029200000)]
  0x000000002690c800 JavaThread "jar transforms Thread 1310" [_thread_blocked, id=20968, stack(0x0000000029000000,0x0000000029100000)]
  0x0000000026902000 JavaThread "jar transforms Thread 1309" [_thread_blocked, id=15028, stack(0x0000000028f00000,0x0000000029000000)]
  0x0000000026907000 JavaThread "jar transforms Thread 1308" [_thread_blocked, id=22040, stack(0x0000000028e00000,0x0000000028f00000)]
  0x0000000026908800 JavaThread "jar transforms Thread 1307" [_thread_blocked, id=21632, stack(0x0000000028d00000,0x0000000028e00000)]
  0x0000000026906800 JavaThread "jar transforms Thread 1306" [_thread_blocked, id=5992, stack(0x0000000028c00000,0x0000000028d00000)]
  0x0000000026902800 JavaThread "jar transforms Thread 1305" [_thread_blocked, id=20132, stack(0x0000000028b00000,0x0000000028c00000)]
  0x0000000026905000 JavaThread "jar transforms Thread 1304" [_thread_blocked, id=1964, stack(0x0000000028a00000,0x0000000028b00000)]
  0x0000000026905800 JavaThread "jar transforms Thread 1303" [_thread_blocked, id=15872, stack(0x0000000028900000,0x0000000028a00000)]
  0x0000000026903800 JavaThread "jar transforms Thread 1302" [_thread_blocked, id=21284, stack(0x0000000028800000,0x0000000028900000)]
  0x0000000026908000 JavaThread "jar transforms Thread 1301" [_thread_blocked, id=17548, stack(0x0000000028700000,0x0000000028800000)]
  0x000000002e724800 JavaThread "jar transforms Thread 1300" [_thread_blocked, id=3284, stack(0x0000000028600000,0x0000000028700000)]
  0x000000002e723800 JavaThread "jar transforms Thread 1299" [_thread_blocked, id=20996, stack(0x0000000028500000,0x0000000028600000)]
  0x000000002e727800 JavaThread "jar transforms Thread 1298" [_thread_blocked, id=2696, stack(0x0000000028400000,0x0000000028500000)]
  0x000000002e725000 JavaThread "jar transforms Thread 1297" [_thread_blocked, id=11136, stack(0x0000000028300000,0x0000000028400000)]
  0x000000002e723000 JavaThread "jar transforms Thread 1296" [_thread_blocked, id=6612, stack(0x0000000028200000,0x0000000028300000)]
  0x000000002e720000 JavaThread "jar transforms Thread 1295" [_thread_blocked, id=20188, stack(0x0000000028100000,0x0000000028200000)]
  0x000000002e722000 JavaThread "jar transforms Thread 1294" [_thread_blocked, id=6312, stack(0x0000000028000000,0x0000000028100000)]
  0x000000002e721800 JavaThread "jar transforms Thread 1293" [_thread_blocked, id=18384, stack(0x0000000027f00000,0x0000000028000000)]
  0x000000002e726000 JavaThread "jar transforms Thread 1292" [_thread_blocked, id=308, stack(0x0000000027e00000,0x0000000027f00000)]
  0x000000002e726800 JavaThread "jar transforms Thread 1291" [_thread_blocked, id=4492, stack(0x0000000027d00000,0x0000000027e00000)]
  0x000000002e718800 JavaThread "jar transforms Thread 1290" [_thread_blocked, id=6204, stack(0x0000000027c00000,0x0000000027d00000)]
  0x000000002e71f000 JavaThread "jar transforms Thread 1289" [_thread_blocked, id=22348, stack(0x0000000027b00000,0x0000000027c00000)]
  0x000000002e71b800 JavaThread "jar transforms Thread 1288" [_thread_blocked, id=17576, stack(0x0000000027a00000,0x0000000027b00000)]
  0x000000002e71e800 JavaThread "jar transforms Thread 1287" [_thread_blocked, id=22456, stack(0x0000000027900000,0x0000000027a00000)]
  0x000000002e71d800 JavaThread "jar transforms Thread 1286" [_thread_blocked, id=20404, stack(0x0000000027800000,0x0000000027900000)]
  0x000000002e71a800 JavaThread "jar transforms Thread 1285" [_thread_blocked, id=12428, stack(0x0000000027700000,0x0000000027800000)]
  0x000000002e71c000 JavaThread "jar transforms Thread 1284" [_thread_blocked, id=18424, stack(0x0000000027600000,0x0000000027700000)]
  0x000000002e71d000 JavaThread "jar transforms Thread 1283" [_thread_blocked, id=21640, stack(0x0000000027500000,0x0000000027600000)]
  0x000000002e71a000 JavaThread "jar transforms Thread 1282" [_thread_blocked, id=15720, stack(0x0000000027400000,0x0000000027500000)]
  0x000000001c868000 JavaThread "jar transforms Thread 1281" [_thread_blocked, id=10340, stack(0x0000000027300000,0x0000000027400000)]
  0x000000001c864800 JavaThread "jar transforms Thread 1280" [_thread_blocked, id=8304, stack(0x0000000027200000,0x0000000027300000)]
  0x000000001c869800 JavaThread "jar transforms Thread 1279" [_thread_blocked, id=20744, stack(0x0000000027100000,0x0000000027200000)]
  0x000000001c866000 JavaThread "jar transforms Thread 1278" [_thread_blocked, id=17216, stack(0x0000000027000000,0x0000000027100000)]
  0x000000001c86b000 JavaThread "jar transforms Thread 1277" [_thread_blocked, id=13828, stack(0x0000000026f00000,0x0000000027000000)]
  0x000000001c865800 JavaThread "jar transforms Thread 1276" [_thread_blocked, id=10376, stack(0x0000000026e00000,0x0000000026f00000)]
  0x000000001c867000 JavaThread "jar transforms Thread 1275" [_thread_blocked, id=10256, stack(0x0000000026d00000,0x0000000026e00000)]
  0x000000001c86a000 JavaThread "jar transforms Thread 1274" [_thread_blocked, id=11860, stack(0x0000000026c00000,0x0000000026d00000)]
  0x000000001c868800 JavaThread "jar transforms Thread 1273" [_thread_blocked, id=19660, stack(0x0000000024ea0000,0x0000000024fa0000)]
  0x000000001c85d000 JavaThread "jar transforms Thread 1272" [_thread_blocked, id=3412, stack(0x0000000024840000,0x0000000024940000)]
  0x000000001c864000 JavaThread "jar transforms Thread 1271" [_thread_blocked, id=8236, stack(0x0000000024740000,0x0000000024840000)]
  0x000000001c863000 JavaThread "jar transforms Thread 1270" [_thread_blocked, id=20140, stack(0x0000000024640000,0x0000000024740000)]
  0x000000001c85c800 JavaThread "jar transforms Thread 1269" [_thread_blocked, id=22280, stack(0x0000000024540000,0x0000000024640000)]
  0x000000001c85b800 JavaThread "jar transforms Thread 1268" [_thread_blocked, id=16100, stack(0x0000000024440000,0x0000000024540000)]
  0x000000001c861000 JavaThread "jar transforms Thread 1267" [_thread_blocked, id=2100, stack(0x0000000024340000,0x0000000024440000)]
  0x000000001c85f800 JavaThread "jar transforms Thread 1266" [_thread_blocked, id=9644, stack(0x0000000024240000,0x0000000024340000)]
  0x000000001c860000 JavaThread "jar transforms Thread 1265" [_thread_blocked, id=22356, stack(0x0000000024140000,0x0000000024240000)]
  0x000000001c861800 JavaThread "jar transforms Thread 1264" [_thread_blocked, id=20112, stack(0x0000000024040000,0x0000000024140000)]
  0x000000001c85e800 JavaThread "jar transforms Thread 1263" [_thread_blocked, id=7012, stack(0x0000000023f40000,0x0000000024040000)]
  0x000000001c85e000 JavaThread "jar transforms Thread 1262" [_thread_blocked, id=14820, stack(0x0000000023e40000,0x0000000023f40000)]
  0x000000001d62a000 JavaThread "jar transforms Thread 1261" [_thread_blocked, id=2212, stack(0x0000000023d40000,0x0000000023e40000)]
  0x000000001d62b800 JavaThread "jar transforms Thread 1260" [_thread_blocked, id=14432, stack(0x0000000023c40000,0x0000000023d40000)]
  0x000000001d62e000 JavaThread "jar transforms Thread 1259" [_thread_blocked, id=8344, stack(0x0000000023a40000,0x0000000023b40000)]
  0x000000001d62b000 JavaThread "jar transforms Thread 1258" [_thread_blocked, id=16260, stack(0x0000000023640000,0x0000000023740000)]
  0x000000001d62c800 JavaThread "jar transforms Thread 1257" [_thread_blocked, id=3032, stack(0x0000000023540000,0x0000000023640000)]
  0x000000001d62d000 JavaThread "jar transforms Thread 1256" [_thread_blocked, id=11088, stack(0x0000000023440000,0x0000000023540000)]
  0x000000001d622800 JavaThread "jar transforms Thread 1255" [_thread_blocked, id=9400, stack(0x0000000023070000,0x0000000023170000)]
  0x000000001d629800 JavaThread "Build operations Thread 8" [_thread_blocked, id=2148, stack(0x0000000022f70000,0x0000000023070000)]
  0x000000001d622000 JavaThread "Build operations Thread 7" [_thread_blocked, id=13188, stack(0x0000000022e70000,0x0000000022f70000)]
  0x000000001d628800 JavaThread "Build operations Thread 6" [_thread_blocked, id=8368, stack(0x0000000022d70000,0x0000000022e70000)]
  0x000000001d628000 JavaThread "Build operations Thread 5" [_thread_blocked, id=4872, stack(0x0000000022c70000,0x0000000022d70000)]
  0x000000001d627000 JavaThread "Build operations Thread 4" [_thread_blocked, id=20504, stack(0x0000000022b70000,0x0000000022c70000)]
  0x000000001d61f000 JavaThread "Build operations Thread 3" [_thread_blocked, id=17064, stack(0x0000000022a70000,0x0000000022b70000)]
  0x000000001d625800 JavaThread "Build operations Thread 2" [_thread_blocked, id=10856, stack(0x0000000022970000,0x0000000022a70000)]
  0x000000001d625000 JavaThread "Build operations" [_thread_blocked, id=10596, stack(0x0000000020640000,0x0000000020740000)]
  0x000000001d61f800 JavaThread "Cache worker for cache directory md-rule (C:\Users\saipu\.gradle\caches\6.5\md-rule)" [_thread_blocked, id=11292, stack(0x0000000020540000,0x0000000020640000)]
  0x000000001d621000 JavaThread "Cache worker for cache directory md-supplier (C:\Users\saipu\.gradle\caches\6.5\md-supplier)" [_thread_blocked, id=19420, stack(0x000000001eb70000,0x000000001ec70000)]
  0x000000001d624000 JavaThread "Cache worker for checksums cache (E:\Project Skripsi\Android Project\trashget\.gradle\checksums)" [_thread_blocked, id=2648, stack(0x000000001ea70000,0x000000001eb70000)]
  0x000000001d623800 JavaThread "Cache worker for file hash cache (E:\Project Skripsi\Android Project\trashget\.gradle\6.5\fileHashes)" [_thread_blocked, id=11460, stack(0x000000001e970000,0x000000001ea70000)]
  0x000000001d620800 JavaThread "Thread-1703" [_thread_blocked, id=22256, stack(0x000000001e870000,0x000000001e970000)]
  0x000000001cff6800 JavaThread "Stdin handler" [_thread_blocked, id=15548, stack(0x000000001e270000,0x000000001e370000)]
  0x000000001cffc000 JavaThread "Asynchronous log dispatcher for DefaultDaemonConnection: socket connection from /127.0.0.1:11618 to /127.0.0.1:12117" [_thread_blocked, id=22344, stack(0x000000001de30000,0x000000001df30000)]
  0x000000001cff9800 JavaThread "Daemon worker Thread 12" [_thread_blocked, id=15112, stack(0x000000001dd30000,0x000000001de30000)]
  0x000000001cff8000 JavaThread "Cancel handler" [_thread_blocked, id=1648, stack(0x00000000013e0000,0x00000000014e0000)]
  0x000000001cffd800 JavaThread "Handler for socket connection from /127.0.0.1:11618 to /127.0.0.1:12117" [_thread_in_native, id=12308, stack(0x00000000012e0000,0x00000000013e0000)]
  0x000000001cffa800 JavaThread "Daemon Thread 12" [_thread_blocked, id=2228, stack(0x00000000010e0000,0x00000000011e0000)]
  0x0000000026709800 JavaThread "Memory manager" [_thread_blocked, id=20152, stack(0x000000002e210000,0x000000002e310000)]
  0x00000000217da800 JavaThread "Cache worker for file content cache (C:\Users\saipu\.gradle\caches\6.5\fileContent)" [_thread_blocked, id=18616, stack(0x0000000024da0000,0x0000000024ea0000)]
  0x00000000217df000 JavaThread "Cache worker for execution history cache (C:\Users\saipu\.gradle\caches\6.5\executionHistory)" [_thread_blocked, id=11784, stack(0x0000000023940000,0x0000000023a40000)]
  0x000000001cff7800 JavaThread "Cache worker for file hash cache (C:\Users\saipu\.gradle\caches\6.5\fileHashes)" [_thread_blocked, id=19464, stack(0x000000001f070000,0x000000001f170000)]
  0x000000001cffb000 JavaThread "File lock request listener" [_thread_in_native, id=19560, stack(0x000000001ef70000,0x000000001f070000)]
  0x000000001cffc800 JavaThread "Cache worker for journal cache (C:\Users\saipu\.gradle\caches\journal-1)" [_thread_blocked, id=18320, stack(0x000000001ee70000,0x000000001ef70000)]
  0x000000001cdeb000 JavaThread "Daemon periodic checks" [_thread_blocked, id=18256, stack(0x000000001e170000,0x000000001e270000)]
  0x000000001cd5a800 JavaThread "Incoming local TCP Connector on port 11618" [_thread_in_native, id=11384, stack(0x000000001df30000,0x000000001e030000)]
  0x000000001cca0800 JavaThread "Daemon health stats" [_thread_blocked, id=20944, stack(0x000000001dc30000,0x000000001dd30000)]
  0x000000001a39f800 JavaThread "Service Thread" daemon [_thread_blocked, id=5548, stack(0x000000001b090000,0x000000001b190000)]
  0x000000001a31e000 JavaThread "C1 CompilerThread3" daemon [_thread_blocked, id=6496, stack(0x000000001af90000,0x000000001b090000)]
  0x000000001a318000 JavaThread "C2 CompilerThread2" daemon [_thread_blocked, id=19812, stack(0x000000001ae90000,0x000000001af90000)]
  0x000000001a313800 JavaThread "C2 CompilerThread1" daemon [_thread_blocked, id=13648, stack(0x000000001ad90000,0x000000001ae90000)]
  0x000000001a311800 JavaThread "C2 CompilerThread0" daemon [_thread_blocked, id=12124, stack(0x000000001ac90000,0x000000001ad90000)]
  0x000000001a310000 JavaThread "Attach Listener" daemon [_thread_blocked, id=19644, stack(0x000000001ab90000,0x000000001ac90000)]
  0x000000001a30f000 JavaThread "Signal Dispatcher" daemon [_thread_blocked, id=1752, stack(0x000000001aa90000,0x000000001ab90000)]
  0x000000001a301000 JavaThread "Finalizer" daemon [_thread_blocked, id=11272, stack(0x000000001a7e0000,0x000000001a8e0000)]
  0x0000000003497800 JavaThread "Reference Handler" daemon [_thread_blocked, id=14024, stack(0x000000001a6e0000,0x000000001a7e0000)]
  0x000000000339e000 JavaThread "main" [_thread_blocked, id=19532, stack(0x0000000003230000,0x0000000003330000)]

Other Threads:
  0x0000000018506800 VMThread [stack: 0x000000001a1e0000,0x000000001a2e0000] [id=13396]
  0x000000001a3a0000 WatcherThread [stack: 0x000000001b190000,0x000000001b290000] [id=10992]

=>0x00000000033bb000 (exited) GCTaskThread [stack: 0x0000000013120000,0x0000000013220000] [id=15240]

VM state:at safepoint (normal execution)

VM Mutex/Monitor currently owned by a thread:  ([mutex/lock_event])
[0x000000000339d480] Threads_lock - owner thread: 0x0000000018506800
[0x000000000339d200] Heap_lock - owner thread: 0x000000001cff9800

heap address: 0x0000000080000000, size: 2048 MB, Compressed Oops mode: 32-bit
Narrow klass base: 0x0000000000000000, Narrow klass shift: 3
Compressed class space size: 1073741824 Address: 0x0000000100000000

Heap:
 PSYoungGen      total 481792K, used 413113K [0x00000000d5580000, 0x00000000fa280000, 0x0000000100000000)
  eden space 370688K, 100% used [0x00000000d5580000,0x00000000ebf80000,0x00000000ebf80000)
  from space 111104K, 38% used [0x00000000ebf80000,0x00000000ee8ee760,0x00000000f2c00000)
  to   space 104960K, 33% used [0x00000000f3c00000,0x00000000f5dea160,0x00000000fa280000)
 ParOldGen       total 425984K, used 296253K [0x0000000080000000, 0x000000009a000000, 0x00000000d5580000)
  object space 425984K, 69% used [0x0000000080000000,0x000000009214f5e0,0x000000009a000000)
 Metaspace       used 113761K, capacity 122294K, committed 122712K, reserved 1155072K
  class space    used 14526K, capacity 16121K, committed 16512K, reserved 1048576K

Card table byte_map: [0x0000000012860000,0x0000000012c70000] byte_map_base: 0x0000000012460000

Marking Bits: (ParMarkBitMap*) 0x000000007640f030
 Begin Bits: [0x0000000013720000, 0x0000000015720000)
 End Bits:   [0x0000000015720000, 0x0000000017720000)

Polling page: 0x0000000002dd0000

CodeCache: size=245760Kb used=72818Kb max_used=72833Kb free=172941Kb
 bounds [0x00000000034a0000, 0x0000000007c40000, 0x00000000124a0000]
 total_blobs=21491 nmethods=20557 adapters=844
 compilation: enabled

Compilation events (10 events):
Event: 3376.041 Thread 0x000000001a31e000 nmethod 25973 0x0000000007c15290 code [0x0000000007c154c0, 0x0000000007c161f8]
Event: 3376.041 Thread 0x000000001a31e000 25974       3       org.objectweb.asm.ByteVector::putUTF8 (144 bytes)
Event: 3376.042 Thread 0x000000001a31e000 nmethod 25974 0x0000000007c142d0 code [0x0000000007c144c0, 0x0000000007c14d78]
Event: 3376.044 Thread 0x000000001a311800 25975       4       org.objectweb.asm.ByteVector::putUTF8 (144 bytes)
Event: 3376.050 Thread 0x000000001a313800 25976       4       org.objectweb.asm.SymbolTable::addConstantUtf8 (98 bytes)
Event: 3376.052 Thread 0x000000001a311800 nmethod 25975 0x0000000007c2bdd0 code [0x0000000007c2bf40, 0x0000000007c2c548]
Event: 3376.056 Thread 0x000000001a318000 nmethod 25971 0x0000000007c2f590 code [0x0000000007c2f840, 0x0000000007c30d88]
Event: 3376.075 Thread 0x000000001a313800 nmethod 25976 0x0000000007c32690 code [0x0000000007c32840, 0x0000000007c33758]
Event: 3376.090 Thread 0x000000001a311800 25977       4       org.objectweb.asm.MethodVisitor::visitAnnotableParameterCount (17 bytes)
Event: 3376.090 Thread 0x000000001a311800 nmethod 25977 0x0000000006aad6d0 code [0x0000000006aad800, 0x0000000006aad878]

GC Heap History (10 events):
Event: 2864.522 GC heap after
Heap after GC invocations=43 (full 6):
 PSYoungGen      total 430592K, used 15754K [0x00000000d5580000, 0x00000000f8000000, 0x0000000100000000)
  eden space 327680K, 0% used [0x00000000d5580000,0x00000000d5580000,0x00000000e9580000)
  from space 102912K, 15% used [0x00000000e9580000,0x00000000ea4e2b10,0x00000000efa00000)
  to   space 101376K, 0% used [0x00000000f1d00000,0x00000000f1d00000,0x00000000f8000000)
 ParOldGen       total 425984K, used 268582K [0x0000000080000000, 0x000000009a000000, 0x00000000d5580000)
  object space 425984K, 63% used [0x0000000080000000,0x00000000906498c8,0x000000009a000000)
 Metaspace       used 111792K, capacity 119660K, committed 120152K, reserved 1153024K
  class space    used 14326K, capacity 15846K, committed 16256K, reserved 1048576K
}
Event: 3351.805 GC heap before
{Heap before GC invocations=44 (full 6):
 PSYoungGen      total 430592K, used 343434K [0x00000000d5580000, 0x00000000f8000000, 0x0000000100000000)
  eden space 327680K, 100% used [0x00000000d5580000,0x00000000e9580000,0x00000000e9580000)
  from space 102912K, 15% used [0x00000000e9580000,0x00000000ea4e2b10,0x00000000efa00000)
  to   space 101376K, 0% used [0x00000000f1d00000,0x00000000f1d00000,0x00000000f8000000)
 ParOldGen       total 425984K, used 268582K [0x0000000080000000, 0x000000009a000000, 0x00000000d5580000)
  object space 425984K, 63% used [0x0000000080000000,0x00000000906498c8,0x000000009a000000)
 Metaspace       used 112468K, capacity 120804K, committed 121432K, reserved 1155072K
  class space    used 14418K, capacity 16014K, committed 16512K, reserved 1048576K
Event: 3351.833 GC heap after
Heap after GC invocations=44 (full 6):
 PSYoungGen      total 449024K, used 20681K [0x00000000d5580000, 0x00000000f7480000, 0x0000000100000000)
  eden space 359424K, 0% used [0x00000000d5580000,0x00000000d5580000,0x00000000eb480000)
  from space 89600K, 23% used [0x00000000f1d00000,0x00000000f3132738,0x00000000f7480000)
  to   space 98304K, 0% used [0x00000000eb480000,0x00000000eb480000,0x00000000f1480000)
 ParOldGen       total 425984K, used 268590K [0x0000000080000000, 0x000000009a000000, 0x00000000d5580000)
  object space 425984K, 63% used [0x0000000080000000,0x000000009064b8c8,0x000000009a000000)
 Metaspace       used 112468K, capacity 120804K, committed 121432K, reserved 1155072K
  class space    used 14418K, capacity 16014K, committed 16512K, reserved 1048576K
}
Event: 3360.949 GC heap before
{Heap before GC invocations=45 (full 6):
 PSYoungGen      total 449024K, used 380105K [0x00000000d5580000, 0x00000000f7480000, 0x0000000100000000)
  eden space 359424K, 100% used [0x00000000d5580000,0x00000000eb480000,0x00000000eb480000)
  from space 89600K, 23% used [0x00000000f1d00000,0x00000000f3132738,0x00000000f7480000)
  to   space 98304K, 0% used [0x00000000eb480000,0x00000000eb480000,0x00000000f1480000)
 ParOldGen       total 425984K, used 268592K [0x0000000080000000, 0x000000009a000000, 0x00000000d5580000)
  object space 425984K, 63% used [0x0000000080000000,0x000000009064c3b0,0x000000009a000000)
 Metaspace       used 113092K, capacity 121588K, committed 122200K, reserved 1155072K
  class space    used 14458K, capacity 16072K, committed 16512K, reserved 1048576K
Event: 3360.989 GC heap after
Heap after GC invocations=45 (full 6):
 PSYoungGen      total 457728K, used 38667K [0x00000000d5580000, 0x00000000f8680000, 0x0000000100000000)
  eden space 359424K, 0% used [0x00000000d5580000,0x00000000d5580000,0x00000000eb480000)
  from space 98304K, 39% used [0x00000000eb480000,0x00000000eda42c60,0x00000000f1480000)
  to   space 92672K, 0% used [0x00000000f2c00000,0x00000000f2c00000,0x00000000f8680000)
 ParOldGen       total 425984K, used 268600K [0x0000000080000000, 0x000000009a000000, 0x00000000d5580000)
  object space 425984K, 63% used [0x0000000080000000,0x000000009064e3b0,0x000000009a000000)
 Metaspace       used 113092K, capacity 121588K, committed 122200K, reserved 1155072K
  class space    used 14458K, capacity 16072K, committed 16512K, reserved 1048576K
}
Event: 3364.477 GC heap before
{Heap before GC invocations=46 (full 6):
 PSYoungGen      total 457728K, used 398091K [0x00000000d5580000, 0x00000000f8680000, 0x0000000100000000)
  eden space 359424K, 100% used [0x00000000d5580000,0x00000000eb480000,0x00000000eb480000)
  from space 98304K, 39% used [0x00000000eb480000,0x00000000eda42c60,0x00000000f1480000)
  to   space 92672K, 0% used [0x00000000f2c00000,0x00000000f2c00000,0x00000000f8680000)
 ParOldGen       total 425984K, used 268608K [0x0000000080000000, 0x000000009a000000, 0x00000000d5580000)
  object space 425984K, 63% used [0x0000000080000000,0x00000000906500e8,0x000000009a000000)
 Metaspace       used 113234K, capacity 121660K, committed 122200K, reserved 1155072K
  class space    used 14459K, capacity 16072K, committed 16512K, reserved 1048576K
Event: 3364.618 GC heap after
Heap after GC invocations=46 (full 6):
 PSYoungGen      total 463360K, used 92665K [0x00000000d5580000, 0x00000000fa980000, 0x0000000100000000)
  eden space 370688K, 0% used [0x00000000d5580000,0x00000000d5580000,0x00000000ebf80000)
  from space 92672K, 99% used [0x00000000f2c00000,0x00000000f867e688,0x00000000f8680000)
  to   space 111104K, 0% used [0x00000000ebf80000,0x00000000ebf80000,0x00000000f2c00000)
 ParOldGen       total 425984K, used 278263K [0x0000000080000000, 0x000000009a000000, 0x00000000d5580000)
  object space 425984K, 65% used [0x0000000080000000,0x0000000090fbdff8,0x000000009a000000)
 Metaspace       used 113234K, capacity 121660K, committed 122200K, reserved 1155072K
  class space    used 14459K, capacity 16072K, committed 16512K, reserved 1048576K
}
Event: 3373.307 GC heap before
{Heap before GC invocations=47 (full 6):
 PSYoungGen      total 463360K, used 463353K [0x00000000d5580000, 0x00000000fa980000, 0x0000000100000000)
  eden space 370688K, 100% used [0x00000000d5580000,0x00000000ebf80000,0x00000000ebf80000)
  from space 92672K, 99% used [0x00000000f2c00000,0x00000000f867e688,0x00000000f8680000)
  to   space 111104K, 0% used [0x00000000ebf80000,0x00000000ebf80000,0x00000000f2c00000)
 ParOldGen       total 425984K, used 278263K [0x0000000080000000, 0x000000009a000000, 0x00000000d5580000)
  object space 425984K, 65% used [0x0000000080000000,0x0000000090fbdff8,0x000000009a000000)
 Metaspace       used 113543K, capacity 121962K, committed 122456K, reserved 1155072K
  class space    used 14490K, capacity 16081K, committed 16512K, reserved 1048576K
Event: 3373.406 GC heap after
Heap after GC invocations=47 (full 6):
 PSYoungGen      total 481792K, used 42425K [0x00000000d5580000, 0x00000000fa280000, 0x0000000100000000)
  eden space 370688K, 0% used [0x00000000d5580000,0x00000000d5580000,0x00000000ebf80000)
  from space 111104K, 38% used [0x00000000ebf80000,0x00000000ee8ee760,0x00000000f2c00000)
  to   space 104960K, 0% used [0x00000000f3c00000,0x00000000f3c00000,0x00000000fa280000)
 ParOldGen       total 425984K, used 296245K [0x0000000080000000, 0x000000009a000000, 0x00000000d5580000)
  object space 425984K, 69% used [0x0000000080000000,0x000000009214d5e0,0x000000009a000000)
 Metaspace       used 113543K, capacity 121962K, committed 122456K, reserved 1155072K
  class space    used 14490K, capacity 16081K, committed 16512K, reserved 1048576K
}
Event: 3376.139 GC heap before
{Heap before GC invocations=48 (full 6):
 PSYoungGen      total 481792K, used 413113K [0x00000000d5580000, 0x00000000fa280000, 0x0000000100000000)
  eden space 370688K, 100% used [0x00000000d5580000,0x00000000ebf80000,0x00000000ebf80000)
  from space 111104K, 38% used [0x00000000ebf80000,0x00000000ee8ee760,0x00000000f2c00000)
  to   space 104960K, 0% used [0x00000000f3c00000,0x00000000f3c00000,0x00000000fa280000)
 ParOldGen       total 425984K, used 296245K [0x0000000080000000, 0x000000009a000000, 0x00000000d5580000)
  object space 425984K, 69% used [0x0000000080000000,0x000000009214d5e0,0x000000009a000000)
 Metaspace       used 113761K, capacity 122294K, committed 122712K, reserved 1155072K
  class space    used 14526K, capacity 16121K, committed 16512K, reserved 1048576K

Deoptimization events (10 events):
Event: 3375.668 Thread 0x000000001cff9800 Uncommon trap: reason=array_check action=maybe_recompile pc=0x0000000007747414 method=java.util.ComparableTimSort.mergeLo(IIII)V @ 81
Event: 3375.668 Thread 0x000000001cff9800 Uncommon trap: reason=predicate action=maybe_recompile pc=0x00000000064fbe00 method=java.util.ComparableTimSort.reverseRange([Ljava/lang/Object;II)V @ 8
Event: 3375.899 Thread 0x000000001cff9800 Uncommon trap: reason=array_check action=maybe_recompile pc=0x0000000007c0e54c method=java.util.ComparableTimSort.reverseRange([Ljava/lang/Object;II)V @ 20
Event: 3375.899 Thread 0x000000001cff9800 Uncommon trap: reason=array_check action=maybe_recompile pc=0x0000000007c0e54c method=java.util.ComparableTimSort.reverseRange([Ljava/lang/Object;II)V @ 20
Event: 3375.923 Thread 0x000000001cff9800 Uncommon trap: reason=unstable_if action=reinterpret pc=0x0000000007b68998 method=org.objectweb.asm.SymbolTable.addConstantIntegerOrFloat(II)Lorg/objectweb/asm/Symbol; @ 44
Event: 3375.978 Thread 0x000000001cff9800 Uncommon trap: reason=unstable_if action=reinterpret pc=0x0000000007c177b8 method=org.gradle.internal.normalization.java.impl.SortingAnnotationVisitor.visitEnd()V @ 4
Event: 3375.980 Thread 0x000000001cff9800 Uncommon trap: reason=null_assert action=make_not_entrant pc=0x0000000007b622c4 method=org.gradle.internal.normalization.java.impl.ApiMemberSelector.visitAnnotationValue(Lorg/objectweb/asm/AnnotationVisitor;Lorg/gradle/internal/normalization/java/impl/Ann
Event: 3376.039 Thread 0x000000001cff9800 Uncommon trap: reason=unstable_if action=reinterpret pc=0x0000000003783b20 method=org.objectweb.asm.ByteVector.putUTF8(Ljava/lang/String;)Lorg/objectweb/asm/ByteVector; @ 100
Event: 3376.039 Thread 0x000000001cff9800 Uncommon trap: reason=unstable_if action=reinterpret pc=0x0000000004499e50 method=org.objectweb.asm.ByteVector.putUTF8(Ljava/lang/String;)Lorg/objectweb/asm/ByteVector; @ 100
Event: 3376.039 Thread 0x000000001cff9800 Uncommon trap: reason=unstable_if action=reinterpret pc=0x0000000004a65820 method=org.objectweb.asm.ByteVector.encodeUtf8(Ljava/lang/String;II)Lorg/objectweb/asm/ByteVector; @ 208

Classes redefined (0 events):
No events

Internal exceptions (10 events):
Event: 3375.498 Thread 0x000000001cff9800 Exception <a 'sun/nio/fs/WindowsException'> (0x00000000e0d54e50) thrown at [C:\src\AOSP-openjdk-git\hotspot\src\share\vm\prims\jni.cpp, line 710]
Event: 3375.498 Thread 0x000000001cff9800 Exception <a 'sun/nio/fs/WindowsException'> (0x00000000e0d566b8) thrown at [C:\src\AOSP-openjdk-git\hotspot\src\share\vm\prims\jni.cpp, line 710]
Event: 3375.499 Thread 0x000000001cff9800 Exception <a 'sun/nio/fs/WindowsException'> (0x00000000e0d59068) thrown at [C:\src\AOSP-openjdk-git\hotspot\src\share\vm\prims\jni.cpp, line 710]
Event: 3375.499 Thread 0x000000001cff9800 Exception <a 'sun/nio/fs/WindowsException'> (0x00000000e0d5a8d0) thrown at [C:\src\AOSP-openjdk-git\hotspot\src\share\vm\prims\jni.cpp, line 710]
Event: 3375.499 Thread 0x000000001cff9800 Exception <a 'sun/nio/fs/WindowsException'> (0x00000000e0d5d178) thrown at [C:\src\AOSP-openjdk-git\hotspot\src\share\vm\prims\jni.cpp, line 710]
Event: 3375.499 Thread 0x000000001cff9800 Exception <a 'sun/nio/fs/WindowsException'> (0x00000000e0d5e9d8) thrown at [C:\src\AOSP-openjdk-git\hotspot\src\share\vm\prims\jni.cpp, line 710]
Event: 3375.499 Thread 0x000000001cff9800 Exception <a 'sun/nio/fs/WindowsException'> (0x00000000e0d615b0) thrown at [C:\src\AOSP-openjdk-git\hotspot\src\share\vm\prims\jni.cpp, line 710]
Event: 3375.500 Thread 0x000000001cff9800 Exception <a 'sun/nio/fs/WindowsException'> (0x00000000e0d62e18) thrown at [C:\src\AOSP-openjdk-git\hotspot\src\share\vm\prims\jni.cpp, line 710]
Event: 3375.500 Thread 0x000000001cff9800 Exception <a 'sun/nio/fs/WindowsException'> (0x00000000e0d656c0) thrown at [C:\src\AOSP-openjdk-git\hotspot\src\share\vm\prims\jni.cpp, line 710]
Event: 3375.500 Thread 0x000000001cff9800 Exception <a 'sun/nio/fs/WindowsException'> (0x00000000e0d66f28) thrown at [C:\src\AOSP-openjdk-git\hotspot\src\share\vm\prims\jni.cpp, line 710]

Events (10 events):
Event: 3376.039 Thread 0x000000001cff9800 Uncommon trap: trap_request=0xffffff65 fr.pc=0x0000000003783b20
Event: 3376.039 Thread 0x000000001cff9800 DEOPT PACKING pc=0x0000000003783b20 sp=0x000000001de2b090
Event: 3376.039 Thread 0x000000001cff9800 DEOPT UNPACKING pc=0x00000000034e557b sp=0x000000001de2afb8 mode 2
Event: 3376.039 Thread 0x000000001cff9800 Uncommon trap: trap_request=0xffffff65 fr.pc=0x0000000004499e50
Event: 3376.039 Thread 0x000000001cff9800 DEOPT PACKING pc=0x0000000004499e50 sp=0x000000001de2b010
Event: 3376.039 Thread 0x000000001cff9800 DEOPT UNPACKING pc=0x00000000034e557b sp=0x000000001de2afa8 mode 2
Event: 3376.039 Thread 0x000000001cff9800 Uncommon trap: trap_request=0xffffff65 fr.pc=0x0000000004a65820
Event: 3376.040 Thread 0x000000001cff9800 DEOPT PACKING pc=0x0000000004a65820 sp=0x000000001de2af40
Event: 3376.040 Thread 0x000000001cff9800 DEOPT UNPACKING pc=0x00000000034e557b sp=0x000000001de2af00 mode 2
Event: 3376.139 Executing VM operation: ParallelGCFailedAllocation


Dynamic libraries:
0x00007ff6b1650000 - 0x00007ff6b1681000 	C:\Program Files\Android\Android Studio\jre\bin\java.exe
0x00007ffd8da80000 - 0x00007ffd8dc70000 	C:\WINDOWS\SYSTEM32\ntdll.dll
0x00007ffd8d420000 - 0x00007ffd8d4d2000 	C:\WINDOWS\System32\KERNEL32.DLL
0x00007ffd8b880000 - 0x00007ffd8bb23000 	C:\WINDOWS\System32\KERNELBASE.dll
0x00007ffd8c130000 - 0x00007ffd8c1d3000 	C:\WINDOWS\System32\ADVAPI32.dll
0x00007ffd8d320000 - 0x00007ffd8d3be000 	C:\WINDOWS\System32\msvcrt.dll
0x00007ffd8c4c0000 - 0x00007ffd8c557000 	C:\WINDOWS\System32\sechost.dll
0x00007ffd8d200000 - 0x00007ffd8d320000 	C:\WINDOWS\System32\RPCRT4.dll
0x00007ffd8bf20000 - 0x00007ffd8c0b3000 	C:\WINDOWS\System32\USER32.dll
0x00007ffd8b290000 - 0x00007ffd8b2b1000 	C:\WINDOWS\System32\win32u.dll
0x00007ffd8d8f0000 - 0x00007ffd8d916000 	C:\WINDOWS\System32\GDI32.dll
0x00007ffd8b360000 - 0x00007ffd8b4f4000 	C:\WINDOWS\System32\gdi32full.dll
0x00007ffd8aa10000 - 0x00007ffd8aaae000 	C:\WINDOWS\System32\msvcp_win.dll
0x00007ffd8b6d0000 - 0x00007ffd8b7ca000 	C:\WINDOWS\System32\ucrtbase.dll
0x00007ffd89dc0000 - 0x00007ffd8a045000 	C:\WINDOWS\WinSxS\amd64_microsoft.windows.common-controls_6595b64144ccf1df_6.0.18362.329_none_e6c7b0c7130c72de\COMCTL32.dll
0x00007ffd8d5b0000 - 0x00007ffd8d8e6000 	C:\WINDOWS\System32\combase.dll
0x00007ffd8b650000 - 0x00007ffd8b6d0000 	C:\WINDOWS\System32\bcryptPrimitives.dll
0x00007ffd8c1f0000 - 0x00007ffd8c21e000 	C:\WINDOWS\System32\IMM32.DLL
0x00007ffd78090000 - 0x00007ffd780bb000 	C:\Program Files\MacType\MacType64.dll
0x00007ffd720e0000 - 0x00007ffd72136000 	C:\Program Files\MacType\Easyhk64.dll
0x00007ffd71e80000 - 0x00007ffd71f8e000 	C:\Program Files\MacType\MacType64.Core.dll
0x00007ffd85c20000 - 0x00007ffd861e0000 	C:\WINDOWS\SYSTEM32\d2d1.dll
0x00007ffd7ac90000 - 0x00007ffd7af8e000 	C:\WINDOWS\SYSTEM32\dwrite.dll
0x0000000075b60000 - 0x0000000075c32000 	C:\Program Files\Android\Android Studio\jre\jre\bin\msvcr100.dll
0x0000000075c40000 - 0x000000007648b000 	C:\Program Files\Android\Android Studio\jre\jre\bin\server\jvm.dll
0x00007ffd8bca0000 - 0x00007ffd8bca8000 	C:\WINDOWS\System32\PSAPI.DLL
0x00007ffd87750000 - 0x00007ffd87774000 	C:\WINDOWS\SYSTEM32\WINMM.dll
0x00007ffd73810000 - 0x00007ffd73819000 	C:\WINDOWS\SYSTEM32\WSOCK32.dll
0x00007ffd84870000 - 0x00007ffd8487a000 	C:\WINDOWS\SYSTEM32\VERSION.dll
0x0000000003130000 - 0x000000000319f000 	C:\WINDOWS\System32\WS2_32.dll
0x00007ffd87500000 - 0x00007ffd8752d000 	C:\WINDOWS\SYSTEM32\winmmbase.dll
0x00007ffd8b2c0000 - 0x00007ffd8b30a000 	C:\WINDOWS\System32\cfgmgr32.dll
0x00007ffd80b30000 - 0x00007ffd80b3f000 	C:\Program Files\Android\Android Studio\jre\jre\bin\verify.dll
0x00007ffd80b00000 - 0x00007ffd80b29000 	C:\Program Files\Android\Android Studio\jre\jre\bin\java.dll
0x00007ffd808f0000 - 0x00007ffd80906000 	C:\Program Files\Android\Android Studio\jre\jre\bin\zip.dll
0x00007ffd8c560000 - 0x00007ffd8cc45000 	C:\WINDOWS\System32\SHELL32.dll
0x000000001a9e0000 - 0x000000001aa89000 	C:\WINDOWS\System32\shcore.dll
0x00007ffd8ab10000 - 0x00007ffd8b28e000 	C:\WINDOWS\System32\windows.storage.dll
0x00007ffd8a980000 - 0x00007ffd8a99f000 	C:\WINDOWS\System32\profapi.dll
0x00007ffd8a9a0000 - 0x00007ffd8a9ea000 	C:\WINDOWS\System32\powrprof.dll
0x00007ffd8a950000 - 0x00007ffd8a960000 	C:\WINDOWS\System32\UMPDC.dll
0x00007ffd8d3c0000 - 0x00007ffd8d412000 	C:\WINDOWS\System32\shlwapi.dll
0x00007ffd8a9f0000 - 0x00007ffd8aa01000 	C:\WINDOWS\System32\kernel.appcore.dll
0x00007ffd8b340000 - 0x00007ffd8b357000 	C:\WINDOWS\System32\cryptsp.dll
0x00007ffd7dae0000 - 0x00007ffd7dafa000 	C:\Program Files\Android\Android Studio\jre\jre\bin\net.dll
0x00007ffd89a90000 - 0x00007ffd89af7000 	C:\WINDOWS\system32\mswsock.dll
0x00007ffd7b220000 - 0x00007ffd7b233000 	C:\Program Files\Android\Android Studio\jre\jre\bin\nio.dll
0x00007ffd81d80000 - 0x00007ffd81da7000 	C:\Users\saipu\.gradle\native\f6784746aeab05261644944871eae4fe03e0ef1612fff0a4a95f87b438bc6780\windows-amd64\native-platform.dll
0x00007ffd808b0000 - 0x00007ffd808bd000 	C:\Program Files\Android\Android Studio\jre\jre\bin\management.dll
0x00007ffd89610000 - 0x00007ffd89643000 	C:\WINDOWS\system32\rsaenh.dll
0x00007ffd8b310000 - 0x00007ffd8b336000 	C:\WINDOWS\System32\bcrypt.dll
0x00007ffd8a870000 - 0x00007ffd8a895000 	C:\WINDOWS\SYSTEM32\USERENV.dll
0x00007ffd89c10000 - 0x00007ffd89c1c000 	C:\WINDOWS\SYSTEM32\CRYPTBASE.dll
0x00007ffd897b0000 - 0x00007ffd897ea000 	C:\WINDOWS\SYSTEM32\IPHLPAPI.DLL
0x00007ffd8c1e0000 - 0x00007ffd8c1e8000 	C:\WINDOWS\System32\NSI.dll
0x00007ffd83fe0000 - 0x00007ffd83ff6000 	C:\WINDOWS\SYSTEM32\dhcpcsvc6.DLL
0x00007ffd83f90000 - 0x00007ffd83fac000 	C:\WINDOWS\SYSTEM32\dhcpcsvc.DLL
0x00007ffd897f0000 - 0x00007ffd898ba000 	C:\WINDOWS\SYSTEM32\DNSAPI.dll
0x00007ffd83f60000 - 0x00007ffd83f6b000 	C:\WINDOWS\SYSTEM32\WINNSI.DLL
0x00007ffd8a420000 - 0x00007ffd8a451000 	C:\WINDOWS\SYSTEM32\ntmarta.dll
0x00007ffd6cfd0000 - 0x00007ffd6cff4000 	C:\Program Files\Android\Android Studio\jre\jre\bin\sunec.dll
0x00007ffd7d360000 - 0x00007ffd7d36a000 	C:\Windows\System32\rasadhlp.dll
0x00007ffd839a0000 - 0x00007ffd83a17000 	C:\WINDOWS\System32\fwpuclnt.dll
0x00007ffd7b210000 - 0x00007ffd7b21b000 	C:\Program Files\Android\Android Studio\jre\jre\bin\sunmscapi.dll
0x00007ffd8b500000 - 0x00007ffd8b649000 	C:\WINDOWS\System32\CRYPT32.dll
0x00007ffd8a960000 - 0x00007ffd8a972000 	C:\WINDOWS\System32\MSASN1.dll
0x00007ffd87a20000 - 0x00007ffd87aaf000 	C:\WINDOWS\system32\apphelp.dll
0x00007ffd8a470000 - 0x00007ffd8a664000 	C:\WINDOWS\SYSTEM32\dbghelp.dll

VM Arguments:
jvm_args: -Xmx2048m -Dfile.encoding=UTF-8 -Duser.country=US -Duser.language=en -Duser.variant 
java_command: org.gradle.launcher.daemon.bootstrap.GradleDaemon 6.5
java_class_path (initial): C:\Users\saipu\.gradle\wrapper\dists\gradle-6.5-bin\6nifqtx7604sqp1q6g8wikw7p\gradle-6.5\lib\gradle-launcher-6.5.jar
Launcher Type: SUN_STANDARD

Environment Variables:
PATH=C:\Program Files (x86)\Common Files\Oracle\Java\javapath;C:\Program Files (x86)\Common Files\Intel\Shared Libraries\redist\intel64\compiler;C:\WINDOWS\system32;C:\WINDOWS;C:\WINDOWS\System32\Wbem;C:\WINDOWS\System32\WindowsPowerShell\v1.0\;C:\WINDOWS\System32\OpenSSH\;C:\Program Files (x86)\NVIDIA Corporation\PhysX\Common;C:\Program Files\NVIDIA Corporation\NVIDIA NvDLISR;C:\Program Files\Git\cmd;H:\Software_Installed\xampp\php;C:\Program Files\Android\Android Studio\jre\bin;C:\Program Files (x86)\QuickTime\QTSystem\;C:\Program Files (x86)\Microsoft SQL Server\100\Tools\Binn\;C:\Program Files\Microsoft SQL Server\100\Tools\Binn\;C:\Program Files\Microsoft SQL Server\100\DTS\Binn\;C:\Program Files\MATLAB\R2016b\runtime\win64;C:\Program Files\MATLAB\R2016b\bin;C:\Program Files\MATLAB\R2016b\polyspace\bin;C:\ProgramData\ComposerSetup\bin;C:\Program Files (x86)\Microsoft SQL Server\150\DTS\Binn\;C:\Program Files\Azure Data Studio\bin;C:\Program Files\nodejs\;C:\Users\saipu\AppData\Local\Programs\Python\Python37-3;C:\adb;;C:\Program Files\Docker\Docker\resources\bin;C:\ProgramData\DockerDesktop\version-bin;C:\Users\saipu\AppData\Local\Programs\Python\Python37-32\Scripts\;C:\Users\saipu\AppData\Local\Programs\Python\Python37-32\;C:\Users\saipu\AppData\Local\Microsoft\WindowsApps;C:\Users\saipu\AppData\Local\Programs\Microsoft VS Code\bin;C:\Program Files\Android\Android Studio\jre\jre\bin;C:\Users\saipu\AppData\Roaming\Composer\vendor\bin;C:\Program Files\Azure Data Studio\bin;G:\Tugas Kuliah n Materi\Mobile Programming\Decompile APP;C:\Users\saipu\AppData\Roaming\npm;C:\Users\saipu\AppData\Local\GitHubDesktop\bin;C:\adb;
USERNAME=saipu
OS=Windows_NT
PROCESSOR_IDENTIFIER=Intel64 Family 6 Model 58 Stepping 9, GenuineIntel



---------------  S Y S T E M  ---------------

OS: Windows 10.0 , 64 bit Build 18362 (10.0.18362.329)

CPU:total 8 (initial active 8) (4 cores per cpu, 2 threads per core) family 6 model 58 stepping 9, cmov, cx8, fxsr, mmx, sse, sse2, sse3, ssse3, sse4.1, sse4.2, popcnt, avx, aes, clmul, erms, ht, tsc, tscinvbit, tscinv

Memory: 4k page, physical 8201576k(404896k free), swap 16073700k(1836300k free)

vm_info: OpenJDK 64-Bit Server VM (25.242-b01) for windows-amd64 JRE (1.8.0_242-release-1644-b01), built by "builder" with MS VC++ 10.0 (VS2010)

time: Tue May 18 14:23:13 2021
timezone: SE Asia Standard Time
elapsed time: 3376 seconds (0d 0h 56m 16s)

